<?xml version="1.0" encoding="UTF-8"?>
<testng-results skipped="0" failed="1" total="1" passed="0">
  <reporter-output>
  </reporter-output>
  <suite name="suite1" duration-ms="28485" started-at="2014-12-03T03:08:14Z" finished-at="2014-12-03T03:08:43Z">
    <groups>
    </groups>
    <test name="testproject/TestCase01.xml" duration-ms="28485" started-at="2014-12-03T03:08:14Z" finished-at="2014-12-03T03:08:43Z">
      <class name="org.bigtester.ate.model.project.CaseRunner">
        <test-method status="PASS" signature="testData(java.lang.reflect.Method, [Ljava.lang.Object;)[pri:0, instance:org.bigtester.ate.model.project.CaseRunner@5350e305]" test-instance-name="" name="testData" is-config="true" duration-ms="6" started-at="2014-12-02T19:08:14Z" finished-at="2014-12-02T19:08:14Z">
          <params>
            <param index="0">
              <value>
                <![CDATA[public void org.bigtester.ate.model.project.CaseRunner.runTest(org.bigtester.ate.model.data.TestParameters) throws java.lang.Throwable]]>
              </value>
            </param>
            <param index="1">
              <value>
                <![CDATA[[Ljava.lang.Object;@79c421c8]]>
              </value>
            </param>
          </params>
          <reporter-output>
          </reporter-output>
        </test-method> <!-- testData -->
        <test-method status="FAIL" signature="runTest(org.bigtester.ate.model.data.TestParameters)[pri:0, instance:org.bigtester.ate.model.project.CaseRunner@5350e305]" test-instance-name="testproject/TestCase01.xml" name="runTest" duration-ms="28454" started-at="2014-12-02T19:08:14Z" data-provider="dp" finished-at="2014-12-02T19:08:43Z">
          <params>
            <param index="0">
              <value>
                <![CDATA[org.bigtester.ate.model.data.TestParameters@586c2d62]]>
              </value>
            </param>
          </params>
          <Steps>
            <Step name="homestep" index="0">
              <StepDescription>
                <![CDATA[open homepage]]>
              </StepDescription>
              <StepResult>
                <![CDATA[
Page_Element_Existence ==> null ==> ID ==> logo1 ==>  ==> NotExist ==>  ==> PAGEELEMENTNOTEXIST
Page_Element_Existence ==> null ==> ID ==> banner ==>  ==> Exist ==>  ==> PAGEELEMENTEXIST
Page_Element_Existence ==> null ==> ID ==> search_phu ==>  ==> Exist ==>  ==> PAGEELEMENTEXIST

]]>
              </StepResult>
            </Step> <!-- homestep -->
            <Step name="step1" index="1">
              <StepDescription>
                <![CDATA[Change homepage language]]>
              </StepDescription>
              <StepResult>
              </StepResult>
            </Step> <!-- step1 -->
            <Step name="step2" index="2">
              <StepDescription>
                <![CDATA[input user name ==> peidonghu1x]]>
              </StepDescription>
              <StepResult>
              </StepResult>
            </Step> <!-- step2 -->
          </Steps>
          <exception class="org.bigtester.ate.model.page.exception.StepExecutionException2">
            <message>
              <![CDATA[Web Element not Found. ==> Unable to locate element: {"method":"id","selector":"modlgn_username"}
Command duration or timeout: 2.49 seconds
For documentation on this error, please visit: http://seleniumhq.org/exceptions/no_such_element.html
Build info: version: '2.43.1', revision: '5163bceef1bc36d43f3dc0b83c88998168a363a0', time: '2014-09-10 09:43:55'
System info: host: 'ubuntu_file', ip: '127.0.1.1', os.name: 'Linux', os.arch: 'amd64', os.version: '3.13.0-39-generic', java.version: '1.7.0_65'
Session ID: 648f0d10-bc9b-4089-b115-03473d8fee99
Driver info: org.openqa.selenium.firefox.FirefoxDriver
Capabilities [{platform=LINUX, databaseEnabled=true, cssSelectorsEnabled=true, javascriptEnabled=true, acceptSslCerts=true, handlesAlerts=true, browserName=firefox, webStorageEnabled=true, nativeEvents=false, rotatable=false, locationContextEnabled=true, applicationCacheEnabled=true, takesScreenshot=true, version=33.0}]]]>
            </message>
          </exception> <!-- org.bigtester.ate.model.page.exception.StepExecutionException2 -->
          <reporter-output>
          </reporter-output>
        </test-method> <!-- runTest -->
      </class> <!-- org.bigtester.ate.model.project.CaseRunner -->
    </test> <!-- testproject/TestCase01.xml -->
  </suite> <!-- suite1 -->
</testng-results>
