<?xml version="1.0" encoding="UTF-8"?>
<testng-results skipped="0" failed="0" total="1" passed="1">
  <reporter-output>
  </reporter-output>
  <suite name="Default suite" duration-ms="68457" started-at="2014-12-03T15:05:10Z" finished-at="2014-12-03T15:06:18Z">
    <groups>
    </groups>
    <test name="Default test" duration-ms="68457" started-at="2014-12-03T15:05:10Z" finished-at="2014-12-03T15:06:18Z">
      <class name="org.bigtester.ate.core.sample.plugin.test.AppTestTest">
        <test-method status="PASS" signature="AppTest()[pri:0, instance:org.bigtester.ate.core.sample.plugin.test.AppTestTest@51f11be1]" name="AppTest" duration-ms="68435" started-at="2014-12-03T07:05:10Z" finished-at="2014-12-03T07:06:18Z">
          <reporter-output>
          </reporter-output>
        </test-method> <!-- AppTest -->
      </class> <!-- org.bigtester.ate.core.sample.plugin.test.AppTestTest -->
    </test> <!-- Default test -->
  </suite> <!-- Default suite -->
</testng-results>
