<?xml version="1.0" encoding="UTF-8"?>
<testng-results skipped="0" failed="0" total="1" passed="1">
  <reporter-output>
  </reporter-output>
  <suite name="suite1" duration-ms="19688" started-at="2014-12-02T20:18:52Z" finished-at="2014-12-02T20:19:11Z">
    <groups>
    </groups>
    <test name="testproject/TestCase01.xml" duration-ms="19688" started-at="2014-12-02T20:18:52Z" finished-at="2014-12-02T20:19:11Z">
      <class name="org.bigtester.ate.model.project.CaseRunner">
        <test-method status="PASS" signature="testData(java.lang.reflect.Method, [Ljava.lang.Object;)[pri:0, instance:org.bigtester.ate.model.project.CaseRunner@501558e2]" test-instance-name="testproject/TestCase01.xml" name="testData" is-config="true" duration-ms="5" started-at="2014-12-02T12:18:52Z" finished-at="2014-12-02T12:18:52Z">
          <params>
            <param index="0">
              <value>
                <![CDATA[public void org.bigtester.ate.model.project.CaseRunner.runTest(org.bigtester.ate.model.data.TestParameters) throws java.lang.Throwable]]>
              </value>
            </param>
            <param index="1">
              <value>
                <![CDATA[[Ljava.lang.Object;@3756a51e]]>
              </value>
            </param>
          </params>
          <reporter-output>
          </reporter-output>
        </test-method> <!-- testData -->
        <test-method status="PASS" signature="runTest(org.bigtester.ate.model.data.TestParameters)[pri:0, instance:org.bigtester.ate.model.project.CaseRunner@501558e2]" test-instance-name="testproject/TestCase01.xml" name="runTest" duration-ms="19668" started-at="2014-12-02T12:18:52Z" data-provider="dp" finished-at="2014-12-02T12:19:11Z">
          <params>
            <param index="0">
              <value>
                <![CDATA[org.bigtester.ate.model.data.TestParameters@e9825d9]]>
              </value>
            </param>
          </params>
          <reporter-output>
          </reporter-output>
        </test-method> <!-- runTest -->
      </class> <!-- org.bigtester.ate.model.project.CaseRunner -->
    </test> <!-- testproject/TestCase01.xml -->
  </suite> <!-- suite1 -->
</testng-results>
